<?xml version="1.0" encoding="UTF-8"?>
<testsuites>
  <testsuite name="functional" tests="1" assertions="1" errors="0" failures="0" skipped="0" time="21.312791">
    <testsuite name="Hello2Test" file="/home/otis/myprojects/testsel/manager/tests/test/Hello2Test.php" tests="1" assertions="1" errors="0" failures="0" skipped="0" time="21.312791">
      <testcase name="testHello" class="Hello2Test" classname="Hello2Test" file="/home/otis/myprojects/testsel/manager/tests/test/Hello2Test.php" line="26" assertions="1" time="21.312791"/>
    </testsuite>
  </testsuite>
</testsuites>
